2015-07-08 20:32:13,465: Single StarModel loaded from /tigress/tmorton/kepler/fpp/K07016.01/dartmouth_starmodel_single.h5
2015-07-08 20:32:13,503: BinaryStarModel loaded from /tigress/tmorton/kepler/fpp/K07016.01/dartmouth_starmodel_binary.h5
2015-07-08 20:32:13,546: TripleStarModel loaded from /tigress/tmorton/kepler/fpp/K07016.01/dartmouth_starmodel_triple.h5
2015-07-08 20:32:13,548: Loading transit signal from /tigress/tmorton/kepler/fpp/K07016.01/trsig.pkl...
2015-07-08 20:32:14,219: /tigress/tmorton/kepler/fpp/K07016.01/popset.h5 exists, but regenerating Population Set (['eb', 'heb', 'beb', 'pl'])...
Traceback (most recent call last):
  File "/home/tmorton/anaconda/lib/python2.7/site-packages/VESPA-0.2.5-py2.7-linux-x86_64.egg/vespa/fpp.py", line 301, in from_ini
    popset[m]
  File "/home/tmorton/anaconda/lib/python2.7/site-packages/VESPA-0.2.5-py2.7-linux-x86_64.egg/vespa/populations.py", line 1904, in __getitem__
    raise ValueError('%s not in modelnames: %s' % (name,self.modelnames))
ValueError: planets not in modelnames: []
2015-07-08 20:32:58,249: 16577 eclipsing HEB systems generated (target 20000)
2015-07-08 20:32:58,452: 20657 eclipsing HEB systems generated (target 20000)
2015-07-08 20:32:59,320: Fitting trapezoid models for HEBs...
2015-07-08 20:33:00,296: No eclipse registered for index 17
2015-07-08 20:39:40,393: No eclipse registered for index 6882
2015-07-08 20:52:22,690: Done.
2015-07-08 20:52:34,375: 17215 Eclipsing EB systems generated (target 20000)
2015-07-08 20:52:34,536: 20430 Eclipsing EB systems generated (target 20000)
2015-07-08 20:52:35,085: Fitting trapezoid models for EBs...
2015-07-08 20:53:11,336: No eclipse registered for index 791
2015-07-08 21:01:03,067: No eclipse registered for index 11205
2015-07-08 21:07:04,478: No eclipse registered for index 19148
2015-07-08 21:07:42,707: Done.
2015-07-08 21:07:44,327: Loading TRILEGAL simulation from /tigress/tmorton/kepler/fpp/starfields/kepler_starfield_17.0.h5
2015-07-08 21:08:47,597: 179 binaries are "too close"; gave up trying to fix.
2015-07-08 21:08:47,708: 336 BEB systems generated (target 20000)
2015-07-08 21:08:57,692: 4479 binaries are "too close"; gave up trying to fix.
2015-07-08 21:08:59,716: 8477 BEB systems generated (target 20000)
2015-07-08 21:09:10,252: 4500 binaries are "too close"; gave up trying to fix.
2015-07-08 21:09:12,121: 16788 BEB systems generated (target 20000)
2015-07-08 21:09:15,985: 2129 binaries are "too close"; gave up trying to fix.
2015-07-08 21:09:17,031: 20570 BEB systems generated (target 20000)
2015-07-08 21:09:17,146: Fitting trapezoid models for BEBs...
2015-07-08 21:12:52,609: No eclipse registered for index 2505
2015-07-08 21:13:54,523: No eclipse registered for index 3210
2015-07-08 21:16:29,887: No eclipse registered for index 5008
2015-07-08 21:18:33,840: No eclipse registered for index 6428
2015-07-08 21:23:29,825: No eclipse registered for index 9880
2015-07-08 21:27:09,054: No eclipse registered for index 12400
2015-07-08 21:29:31,344: No eclipse registered for index 14018
2015-07-08 21:31:29,208: No eclipse registered for index 15379
2015-07-08 21:33:57,157: No eclipse registered for index 17110
2015-07-08 21:37:52,915: No eclipse registered for index 19788
2015-07-08 21:38:10,193: Done.
2015-07-08 21:38:14,867: 10938 Transiting planet systems generated (target 20000)
2015-07-08 21:38:18,118: 19391 Transiting planet systems generated (target 20000)
2015-07-08 21:38:18,436: 20130 Transiting planet systems generated (target 20000)
2015-07-08 21:38:18,543: Fitting trapezoid models for Planets...
2015-07-08 21:38:36,856: No eclipse registered for index 406
2015-07-08 21:38:43,263: No eclipse registered for index 548
2015-07-08 21:38:45,784: No eclipse registered for index 604
2015-07-08 21:38:52,127: No eclipse registered for index 743
2015-07-08 21:39:44,841: No eclipse registered for index 1919
2015-07-08 21:39:46,229: No eclipse registered for index 1950
2015-07-08 21:39:54,211: No eclipse registered for index 2127
2015-07-08 21:40:20,470: No eclipse registered for index 2714
2015-07-08 21:40:23,465: No eclipse registered for index 2781
2015-07-08 21:40:25,987: No eclipse registered for index 2837
2015-07-08 21:40:36,839: No eclipse registered for index 3076
2015-07-08 21:40:37,889: No eclipse registered for index 3099
2015-07-08 21:40:37,994: No eclipse registered for index 3102
2015-07-08 21:40:47,361: No eclipse registered for index 3314
2015-07-08 21:40:52,957: No eclipse registered for index 3440
2015-07-08 21:41:04,087: No eclipse registered for index 3689
2015-07-08 21:41:07,995: No eclipse registered for index 3777
2015-07-08 21:41:12,424: No eclipse registered for index 3875
2015-07-08 21:41:14,655: No eclipse registered for index 3924
2015-07-08 21:41:17,275: No eclipse registered for index 3982
2015-07-08 21:41:44,013: No eclipse registered for index 4576
2015-07-08 21:41:54,889: No eclipse registered for index 4818
2015-07-08 21:41:58,184: No eclipse registered for index 4891
2015-07-08 21:42:06,695: No eclipse registered for index 5080
2015-07-08 21:42:28,893: No eclipse registered for index 5573
2015-07-08 21:42:41,094: No eclipse registered for index 5846
2015-07-08 21:42:48,364: No eclipse registered for index 6009
2015-07-08 21:43:00,008: No eclipse registered for index 6272
2015-07-08 21:43:11,309: No eclipse registered for index 6525
2015-07-08 21:43:44,411: No eclipse registered for index 7262
2015-07-08 21:43:52,197: No eclipse registered for index 7435
2015-07-08 21:43:52,508: No eclipse registered for index 7442
2015-07-08 21:43:54,751: No eclipse registered for index 7492
2015-07-08 21:44:03,949: No eclipse registered for index 7700
2015-07-08 21:44:07,991: No eclipse registered for index 7789
2015-07-08 21:44:22,318: No eclipse registered for index 8105
2015-07-08 21:44:24,100: No eclipse registered for index 8144
2015-07-08 21:44:28,609: No eclipse registered for index 8246
2015-07-08 21:44:29,586: No eclipse registered for index 8268
2015-07-08 21:44:39,097: No eclipse registered for index 8479
2015-07-08 21:44:58,051: No eclipse registered for index 8901
2015-07-08 21:45:13,001: No eclipse registered for index 9236
2015-07-08 21:45:19,346: No eclipse registered for index 9376
2015-07-08 21:45:45,292: No eclipse registered for index 9952
2015-07-08 21:46:02,420: No eclipse registered for index 10335
2015-07-08 21:46:07,065: No eclipse registered for index 10438
2015-07-08 21:46:30,050: No eclipse registered for index 10950
2015-07-08 21:46:34,632: No eclipse registered for index 11051
2015-07-08 21:46:43,247: No eclipse registered for index 11244
2015-07-08 21:46:47,916: No eclipse registered for index 11347
2015-07-08 21:47:03,404: No eclipse registered for index 11690
2015-07-08 21:47:22,092: No eclipse registered for index 12105
2015-07-08 21:47:30,670: No eclipse registered for index 12295
2015-07-08 21:47:44,483: No eclipse registered for index 12602
2015-07-08 21:48:00,185: No eclipse registered for index 12949
2015-07-08 21:48:17,577: No eclipse registered for index 13334
2015-07-08 21:48:27,471: No eclipse registered for index 13553
2015-07-08 21:48:42,279: No eclipse registered for index 13881
2015-07-08 21:48:44,171: No eclipse registered for index 13924
2015-07-08 21:49:16,937: No eclipse registered for index 14647
2015-07-08 21:49:53,478: No eclipse registered for index 15459
2015-07-08 21:50:15,617: No eclipse registered for index 15950
2015-07-08 21:50:31,666: No eclipse registered for index 16310
2015-07-08 21:50:31,688: No eclipse registered for index 16311
2015-07-08 21:50:42,403: No eclipse registered for index 16548
2015-07-08 21:51:07,275: No eclipse registered for index 17097
2015-07-08 21:51:23,563: No eclipse registered for index 17461
2015-07-08 21:51:26,301: No eclipse registered for index 17523
2015-07-08 21:51:59,747: No eclipse registered for index 18266
2015-07-08 21:53:16,416: No eclipse registered for index 19967
2015-07-08 21:53:17,764: No eclipse registered for index 19997
2015-07-08 21:53:17,856: Done.
2015-07-08 21:53:19,680: FPP calculation failed for K07016.01.
Traceback (most recent call last):
  File "/home/tmorton/anaconda/lib/python2.7/site-packages/VESPA-0.2.5-py2.7-linux-x86_64.egg/EGG-INFO/scripts/calcfpp", line 119, in <module>
    n=args.n)
  File "/home/tmorton/anaconda/lib/python2.7/site-packages/VESPA-0.2.5-py2.7-linux-x86_64.egg/vespa/fpp.py", line 327, in from_ini
    if not np.isnan(secthresh):
UnboundLocalError: local variable 'secthresh' referenced before assignment
2015-07-09 09:57:12,285: Single StarModel loaded from /tigress/tmorton/kepler/fpp/K07016.01/dartmouth_starmodel_single.h5
2015-07-09 09:57:12,338: BinaryStarModel loaded from /tigress/tmorton/kepler/fpp/K07016.01/dartmouth_starmodel_binary.h5
2015-07-09 09:57:12,375: TripleStarModel loaded from /tigress/tmorton/kepler/fpp/K07016.01/dartmouth_starmodel_triple.h5
2015-07-09 09:57:12,396: Loading transit signal from /tigress/tmorton/kepler/fpp/K07016.01/trsig.pkl...
2015-07-09 09:57:15,148: PopulationSet loaded from /tigress/tmorton/kepler/fpp/K07016.01/popset.h5
2015-07-09 09:57:56,621: FPP calculation successful. Results/plots written to /tigress/tmorton/kepler/fpp/K07016.01.
2015-07-11 11:06:25,970: Single StarModel loaded from /tigress/tmorton/kepler/fpp/K07016.01/dartmouth_starmodel_single.h5
2015-07-11 11:06:26,017: BinaryStarModel loaded from /tigress/tmorton/kepler/fpp/K07016.01/dartmouth_starmodel_binary.h5
2015-07-11 11:06:26,056: TripleStarModel loaded from /tigress/tmorton/kepler/fpp/K07016.01/dartmouth_starmodel_triple.h5
2015-07-11 11:06:26,057: Loading transit signal from /tigress/tmorton/kepler/fpp/K07016.01/trsig.pkl...
2015-07-11 11:06:29,364: PopulationSet loaded from /tigress/tmorton/kepler/fpp/K07016.01/popset.h5
2015-07-11 11:07:05,140: FPP calculation successful. Results/plots written to /tigress/tmorton/kepler/fpp/K07016.01.
2015-08-05 23:44:09,982: Single StarModel loaded from /tigress/tmorton/kepler/fpp/K07016.01/dartmouth_starmodel_single.h5
2015-08-05 23:44:10,046: BinaryStarModel loaded from /tigress/tmorton/kepler/fpp/K07016.01/dartmouth_starmodel_binary.h5
2015-08-05 23:44:10,090: TripleStarModel loaded from /tigress/tmorton/kepler/fpp/K07016.01/dartmouth_starmodel_triple.h5
2015-08-05 23:44:10,093: Loading transit signal from /tigress/tmorton/kepler/fpp/K07016.01/trsig.pkl...
2015-08-05 23:44:13,178: PopulationSet loaded from /tigress/tmorton/kepler/fpp/K07016.01/popset.h5
2015-08-05 23:44:48,391: FPP calculation successful. Results/plots written to /tigress/tmorton/kepler/fpp/K07016.01.
2015-08-06 20:24:11,757: Single StarModel loaded from /tigress/tmorton/kepler/fpp/K07016.01/dartmouth_starmodel_single.h5
2015-08-06 20:24:11,831: BinaryStarModel loaded from /tigress/tmorton/kepler/fpp/K07016.01/dartmouth_starmodel_binary.h5
2015-08-06 20:24:11,879: TripleStarModel loaded from /tigress/tmorton/kepler/fpp/K07016.01/dartmouth_starmodel_triple.h5
2015-08-06 20:24:11,880: Loading transit signal from /tigress/tmorton/kepler/fpp/K07016.01/trsig.pkl...
2015-08-06 20:24:15,328: PopulationSet loaded from /tigress/tmorton/kepler/fpp/K07016.01/popset.h5
2015-08-06 20:24:59,122: FPP calculation successful. Results/plots written to /tigress/tmorton/kepler/fpp/K07016.01.
2015-08-13 05:42:06,018: Single StarModel loaded from /tigress/tmorton/kepler/fpp/K07016.01/dartmouth_starmodel_single.h5
2015-08-13 05:42:06,073: BinaryStarModel loaded from /tigress/tmorton/kepler/fpp/K07016.01/dartmouth_starmodel_binary.h5
2015-08-13 05:42:06,109: TripleStarModel loaded from /tigress/tmorton/kepler/fpp/K07016.01/dartmouth_starmodel_triple.h5
2015-08-13 05:42:06,110: Loading transit signal from /tigress/tmorton/kepler/fpp/K07016.01/trsig.pkl...
2015-08-13 05:42:08,975: PopulationSet loaded from /tigress/tmorton/kepler/fpp/K07016.01/popset.h5
2015-08-13 05:42:43,350: FPP calculation successful. Results/plots written to /tigress/tmorton/kepler/fpp/K07016.01.
