2015-04-22 14:38:27,866: single starfit successful for K00087.01 in 1.0 minutes.
2015-04-22 14:39:46,876: binary starfit successful for K00087.01 in 1.3 minutes.
2015-04-22 14:40:56,021: triple starfit successful for K00087.01 in 1.2 minutes.
2015-04-22 15:53:11,953: single starfit successful for K00087.01 in 1.1 minutes.
2015-04-22 15:54:36,001: binary starfit successful for K00087.01 in 1.4 minutes.
2015-04-22 15:55:50,717: triple starfit successful for K00087.01 in 1.2 minutes.
2015-04-24 13:41:52,090: single starfit successful for /tigress/tmorton/kepler/fpp/K00087.01 in 2.1 minutes.
2015-04-24 13:45:35,820: binary starfit successful for /tigress/tmorton/kepler/fpp/K00087.01 in 3.7 minutes.
2015-04-24 13:48:22,448: triple starfit successful for /tigress/tmorton/kepler/fpp/K00087.01 in 2.8 minutes.
2015-04-27 10:58:57,147: Single StarModel loaded from /tigress/tmorton/kepler/fpp/K00087.01/dartmouth_starmodel_single.h5
2015-04-27 10:58:57,327: BinaryStarModel loaded from /tigress/tmorton/kepler/fpp/K00087.01/dartmouth_starmodel_binary.h5
2015-04-27 10:58:57,549: TripleStarModel loaded from /tigress/tmorton/kepler/fpp/K00087.01/dartmouth_starmodel_triple.h5
2015-04-27 10:58:57,551: Loading transit signal from /tigress/tmorton/kepler/fpp/K00087.01/trsig.pkl...
2015-04-27 10:58:59,373: /tigress/tmorton/kepler/fpp/K00087.01/popset.h5 exists, but regenerating Population Set...
Traceback (most recent call last):
  File "/home/tmorton/anaconda/lib/python2.7/site-packages/VESPA-0.2.3.1-py2.7-linux-x86_64.egg/vespa/fpp.py", line 283, in from_ini
    popset['pl'] #should there be a better way to check this? (yes)
  File "/home/tmorton/anaconda/lib/python2.7/site-packages/VESPA-0.2.3.1-py2.7-linux-x86_64.egg/vespa/populations.py", line 1889, in __getitem__
    raise ValueError('%s not in modelnames: %s' % (name,self.modelnames))
ValueError: planets not in modelnames: []
2015-04-27 10:59:17,314: Single StarModel loaded from /tigress/tmorton/kepler/fpp/K00087.01/dartmouth_starmodel_single.h5
2015-04-27 10:59:17,339: BinaryStarModel loaded from /tigress/tmorton/kepler/fpp/K00087.01/dartmouth_starmodel_binary.h5
2015-04-27 10:59:17,360: TripleStarModel loaded from /tigress/tmorton/kepler/fpp/K00087.01/dartmouth_starmodel_triple.h5
2015-04-27 10:59:17,362: Loading transit signal from /tigress/tmorton/kepler/fpp/K00087.01/trsig.pkl...
2015-04-27 10:59:18,085: /tigress/tmorton/kepler/fpp/K00087.01/popset.h5 exists, but regenerating Population Set...
Traceback (most recent call last):
  File "/home/tmorton/anaconda/lib/python2.7/site-packages/VESPA-0.2.3.1-py2.7-linux-x86_64.egg/vespa/fpp.py", line 283, in from_ini
    popset['pl'] #should there be a better way to check this? (yes)
  File "/home/tmorton/anaconda/lib/python2.7/site-packages/VESPA-0.2.3.1-py2.7-linux-x86_64.egg/vespa/populations.py", line 1889, in __getitem__
    raise ValueError('%s not in modelnames: %s' % (name,self.modelnames))
ValueError: planets not in modelnames: []
2015-04-27 11:00:01,403: 18677 eclipsing HEB systems generated (target 20000)
2015-04-27 11:00:01,520: 20271 eclipsing HEB systems generated (target 20000)
2015-04-27 11:00:02,290: Fitting trapezoid models for HEBs...
2015-04-27 11:00:47,164: No eclipse registered for index 584
2015-04-27 11:25:55,176: Done.
2015-04-27 11:26:12,316: 804 binaries are "too close"; gave up trying to fix.
2015-04-27 11:26:12,872: 1021 Eclipsing EB systems generated (target 20000)
2015-04-27 11:26:13,721: 1981 binaries are "too close"; gave up trying to fix.
2015-04-27 11:26:14,934: 3448 Eclipsing EB systems generated (target 20000)
2015-04-27 11:26:15,804: 2049 binaries are "too close"; gave up trying to fix.
2015-04-27 11:26:17,333: 5968 Eclipsing EB systems generated (target 20000)
2015-04-27 11:26:18,279: 2073 binaries are "too close"; gave up trying to fix.
2015-04-27 11:26:19,814: 8487 Eclipsing EB systems generated (target 20000)
2015-04-27 11:26:20,557: 1992 binaries are "too close"; gave up trying to fix.
2015-04-27 11:26:21,934: 10959 Eclipsing EB systems generated (target 20000)
2015-04-27 11:26:22,782: 1981 binaries are "too close"; gave up trying to fix.
2015-04-27 11:26:24,197: 13439 Eclipsing EB systems generated (target 20000)
2015-04-27 11:26:24,957: 2049 binaries are "too close"; gave up trying to fix.
2015-04-27 11:26:26,281: 15842 Eclipsing EB systems generated (target 20000)
2015-04-27 11:26:27,093: 2066 binaries are "too close"; gave up trying to fix.
2015-04-27 11:26:28,623: 18318 Eclipsing EB systems generated (target 20000)
2015-04-27 11:26:29,233: 1684 binaries are "too close"; gave up trying to fix.
2015-04-27 11:26:30,294: 20314 Eclipsing EB systems generated (target 20000)
2015-04-27 11:26:30,889: Fitting trapezoid models for EBs...
2015-04-27 11:27:22,395: No eclipse registered for index 1119
2015-04-27 11:27:47,356: No eclipse registered for index 1669
2015-04-27 11:31:12,090: No eclipse registered for index 6121
2015-04-27 11:32:45,376: No eclipse registered for index 8200
2015-04-27 11:33:00,741: No eclipse registered for index 8535
2015-04-27 11:34:17,268: No eclipse registered for index 10199
2015-04-27 11:34:35,894: No eclipse registered for index 10588
2015-04-27 11:37:20,020: No eclipse registered for index 14141
2015-04-27 11:37:45,318: No eclipse registered for index 14718
2015-04-27 11:38:11,927: No eclipse registered for index 15293
2015-04-27 11:38:14,507: No eclipse registered for index 15345
2015-04-27 11:38:29,725: No eclipse registered for index 15678
2015-04-27 11:38:54,606: No eclipse registered for index 16207
2015-04-27 11:39:34,475: No eclipse registered for index 17070
2015-04-27 11:39:36,257: No eclipse registered for index 17113
2015-04-27 11:39:52,918: No eclipse registered for index 17481
2015-04-27 11:40:41,578: No eclipse registered for index 18502
2015-04-27 11:41:08,279: No eclipse registered for index 19068
2015-04-27 11:41:50,952: Done.
2015-04-27 11:41:52,738: Loading TRILEGAL simulation from /tigress/tmorton/kepler/fpp/starfields/kepler_starfield_8.0.h5
2015-04-27 11:42:19,745: 177 binaries are "too close"; gave up trying to fix.
2015-04-27 11:42:19,858: 333 BEB systems generated (target 20000)
2015-04-27 11:42:27,101: 5393 binaries are "too close"; gave up trying to fix.
2015-04-27 11:42:28,384: 7690 BEB systems generated (target 20000)
2015-04-27 11:42:35,445: 5426 binaries are "too close"; gave up trying to fix.
2015-04-27 11:42:36,702: 14978 BEB systems generated (target 20000)
2015-04-27 11:42:41,442: 4609 binaries are "too close"; gave up trying to fix.
2015-04-27 11:42:42,493: 21141 BEB systems generated (target 20000)
2015-04-27 11:42:42,621: Fitting trapezoid models for BEBs...
2015-04-27 11:44:16,616: No eclipse registered for index 1224
2015-04-27 11:44:58,192: No eclipse registered for index 1757
2015-04-27 11:45:00,806: No eclipse registered for index 1790
2015-04-27 11:45:05,988: No eclipse registered for index 1853
2015-04-27 11:47:14,207: No eclipse registered for index 3527
2015-04-27 11:50:12,629: No eclipse registered for index 5846
2015-04-27 11:57:38,328: No eclipse registered for index 11645
2015-04-27 12:06:51,049: No eclipse registered for index 18802
2015-04-27 12:07:51,608: No eclipse registered for index 19608
2015-04-27 12:08:21,134: Done.
2015-04-27 12:08:24,809: 7126 Transiting planet systems generated (target 20000)
2015-04-27 12:08:30,087: 18679 Transiting planet systems generated (target 20000)
2015-04-27 12:08:30,615: 19829 Transiting planet systems generated (target 20000)
2015-04-27 12:08:30,772: 19996 Transiting planet systems generated (target 20000)
2015-04-27 12:08:30,833: 20029 Transiting planet systems generated (target 20000)
2015-04-27 12:08:30,947: Fitting trapezoid models for Planets...
2015-04-27 12:08:31,451: No eclipse registered for index 11
2015-04-27 12:08:36,350: No eclipse registered for index 124
2015-04-27 12:08:45,835: No eclipse registered for index 342
2015-04-27 12:08:48,593: No eclipse registered for index 404
2015-04-27 12:08:54,885: No eclipse registered for index 548
2015-04-27 12:09:09,444: No eclipse registered for index 879
2015-04-27 12:09:09,736: No eclipse registered for index 886
2015-04-27 12:09:15,927: No eclipse registered for index 1027
2015-04-27 12:09:19,699: No eclipse registered for index 1114
2015-04-27 12:09:32,150: No eclipse registered for index 1403
2015-04-28 01:25:36,919: single starfit successful for /tigress/tmorton/kepler/fpp/K00087.01 in 1.7 minutes.
2015-04-28 01:28:37,258: binary starfit successful for /tigress/tmorton/kepler/fpp/K00087.01 in 3.0 minutes.
2015-04-28 01:30:32,023: triple starfit successful for /tigress/tmorton/kepler/fpp/K00087.01 in 1.9 minutes.
2015-04-28 08:20:00,233: Single StarModel loaded from /tigress/tmorton/kepler/fpp/K00087.01/dartmouth_starmodel_single.h5
2015-04-28 08:20:00,426: BinaryStarModel loaded from /tigress/tmorton/kepler/fpp/K00087.01/dartmouth_starmodel_binary.h5
2015-04-28 08:20:00,684: TripleStarModel loaded from /tigress/tmorton/kepler/fpp/K00087.01/dartmouth_starmodel_triple.h5
2015-04-28 08:20:00,686: Loading transit signal from /tigress/tmorton/kepler/fpp/K00087.01/trsig.pkl...
2015-04-28 08:20:01,644: /tigress/tmorton/kepler/fpp/K00087.01/popset.h5 exists, but regenerating Population Set...
Traceback (most recent call last):
  File "/home/tmorton/anaconda/lib/python2.7/site-packages/VESPA-0.2.4-py2.7-linux-x86_64.egg/vespa/fpp.py", line 281, in from_ini
    raise RuntimeError #just to get to except block
RuntimeError
2015-04-28 08:20:46,707: 19268 eclipsing HEB systems generated (target 20000)
2015-04-28 08:20:46,802: 20158 eclipsing HEB systems generated (target 20000)
2015-04-28 08:20:47,659: Fitting trapezoid models for HEBs...
2015-04-28 08:22:34,209: No eclipse registered for index 2205
2015-04-28 08:31:31,088: No eclipse registered for index 13269
2015-04-28 08:36:57,429: Done.
2015-04-28 08:37:03,561: 21 binaries are "too close"; gave up trying to fix.
2015-04-28 08:37:04,005: 12592 Eclipsing EB systems generated (target 20000)
2015-04-28 08:37:04,079: 20 binaries are "too close"; gave up trying to fix.
2015-04-28 08:37:04,465: 23368 Eclipsing EB systems generated (target 20000)
2015-04-28 08:37:05,122: Fitting trapezoid models for EBs...
2015-04-28 08:39:12,727: No eclipse registered for index 2437
2015-04-28 08:40:58,308: No eclipse registered for index 4425
2015-04-28 08:43:52,239: No eclipse registered for index 7771
2015-04-28 08:47:46,508: No eclipse registered for index 12267
2015-04-28 08:52:27,120: No eclipse registered for index 17773
2015-04-28 08:54:21,808: Done.
2015-04-28 08:54:23,570: Loading TRILEGAL simulation from /tigress/tmorton/kepler/fpp/starfields/kepler_starfield_8.0.h5
2015-04-28 08:54:50,119: 224 binaries are "too close"; gave up trying to fix.
2015-04-28 08:54:50,229: 318 BEB systems generated (target 20000)
2015-04-28 08:54:55,986: 5284 binaries are "too close"; gave up trying to fix.
2015-04-28 08:54:57,142: 7816 BEB systems generated (target 20000)
2015-04-28 08:55:03,694: 5440 binaries are "too close"; gave up trying to fix.
2015-04-28 08:55:04,800: 15372 BEB systems generated (target 20000)
2015-04-28 08:55:09,302: 3952 binaries are "too close"; gave up trying to fix.
2015-04-28 08:55:10,223: 20883 BEB systems generated (target 20000)
2015-04-28 08:55:10,351: Fitting trapezoid models for BEBs...
2015-04-28 09:08:54,839: No eclipse registered for index 10679
2015-04-28 09:20:54,391: Done.
2015-04-28 09:20:58,934: 16081 Transiting planet systems generated (target 20000)
2015-04-28 09:20:59,812: 20163 Transiting planet systems generated (target 20000)
2015-04-28 09:20:59,918: Fitting trapezoid models for Planets...
2015-04-28 09:21:20,023: No eclipse registered for index 450
2015-04-28 09:21:20,898: No eclipse registered for index 471
2015-04-28 09:21:21,547: No eclipse registered for index 486
2015-04-28 09:21:25,436: No eclipse registered for index 573
2015-04-28 09:21:30,771: No eclipse registered for index 694
2015-04-28 09:21:31,711: No eclipse registered for index 715
2015-04-28 09:21:52,555: No eclipse registered for index 1186
2015-04-28 09:22:01,375: No eclipse registered for index 1386
2015-04-28 09:22:23,737: No eclipse registered for index 1889
2015-04-28 09:22:36,681: No eclipse registered for index 2181
2015-04-28 09:22:51,582: No eclipse registered for index 2517
2015-04-28 09:22:57,757: No eclipse registered for index 2656
2015-04-28 09:23:04,747: No eclipse registered for index 2814
2015-04-28 09:23:06,810: No eclipse registered for index 2861
2015-04-28 09:23:25,498: No eclipse registered for index 3283
2015-04-28 09:23:27,177: No eclipse registered for index 3321
2015-04-28 09:23:27,924: No eclipse registered for index 3338
2015-04-28 09:23:33,645: No eclipse registered for index 3468
2015-04-28 09:23:34,970: No eclipse registered for index 3498
2015-04-28 09:23:41,220: No eclipse registered for index 3639
2015-04-28 09:23:58,247: No eclipse registered for index 4023
2015-04-28 09:23:59,828: No eclipse registered for index 4058
2015-04-28 09:24:02,224: No eclipse registered for index 4112
2015-04-28 09:24:19,156: No eclipse registered for index 4491
2015-04-28 09:24:39,311: No eclipse registered for index 4947
2015-04-28 09:24:51,063: No eclipse registered for index 5211
2015-04-28 09:25:16,732: No eclipse registered for index 5790
2015-04-28 09:25:29,776: No eclipse registered for index 6083
2015-04-28 09:25:30,802: No eclipse registered for index 6106
2015-04-28 09:25:33,901: No eclipse registered for index 6176
2015-04-28 09:25:39,912: No eclipse registered for index 6311
2015-04-28 09:25:45,521: No eclipse registered for index 6437
2015-04-28 09:25:49,190: No eclipse registered for index 6520
2015-04-28 09:25:52,974: No eclipse registered for index 6605
2015-04-28 09:25:54,565: No eclipse registered for index 6641
2015-04-28 09:26:04,106: No eclipse registered for index 6856
2015-04-28 09:26:06,357: No eclipse registered for index 6907
2015-04-28 09:26:08,846: No eclipse registered for index 6963
2015-04-28 09:26:21,499: No eclipse registered for index 7248
2015-04-28 09:26:22,729: No eclipse registered for index 7276
2015-04-28 09:26:38,876: No eclipse registered for index 7635
2015-04-28 09:26:40,861: No eclipse registered for index 7680
2015-04-28 09:26:46,208: No eclipse registered for index 7799
2015-04-28 09:26:50,605: No eclipse registered for index 7899
2015-04-28 09:26:57,745: No eclipse registered for index 8060
2015-04-28 09:27:00,447: No eclipse registered for index 8121
2015-04-28 09:27:06,351: No eclipse registered for index 8255
2015-04-28 09:27:21,589: No eclipse registered for index 8598
2015-04-28 09:27:24,086: No eclipse registered for index 8655
2015-04-28 09:27:26,754: No eclipse registered for index 8715
2015-04-28 09:27:46,571: No eclipse registered for index 9161
2015-04-28 09:28:00,397: No eclipse registered for index 9472
2015-04-28 09:28:23,628: No eclipse registered for index 9993
2015-04-28 09:28:34,459: No eclipse registered for index 10236
2015-04-28 09:28:45,115: No eclipse registered for index 10479
2015-04-28 09:29:19,619: No eclipse registered for index 11253
2015-04-28 09:29:31,955: No eclipse registered for index 11531
2015-04-28 09:29:40,726: No eclipse registered for index 11725
2015-04-28 09:29:47,728: No eclipse registered for index 11882
2015-04-28 09:29:52,874: No eclipse registered for index 11999
2015-04-28 09:30:00,432: No eclipse registered for index 12169
2015-04-28 09:30:05,758: No eclipse registered for index 12289
2015-04-28 09:30:25,800: No eclipse registered for index 12739
2015-04-28 09:31:00,060: No eclipse registered for index 13509
2015-04-28 09:31:17,841: No eclipse registered for index 13906
2015-04-28 09:31:18,429: No eclipse registered for index 13919
2015-04-28 09:31:18,869: No eclipse registered for index 13929
2015-04-28 09:31:56,791: No eclipse registered for index 14778
2015-04-28 09:31:57,009: No eclipse registered for index 14783
2015-04-28 09:31:57,417: No eclipse registered for index 14792
2015-04-28 09:32:01,123: No eclipse registered for index 14877
2015-04-28 09:32:12,287: No eclipse registered for index 15130
2015-04-28 09:32:22,094: No eclipse registered for index 15351
2015-04-28 09:32:23,084: No eclipse registered for index 15374
2015-04-28 09:32:52,672: No eclipse registered for index 16039
2015-04-28 09:32:55,124: No eclipse registered for index 16096
2015-04-28 09:33:07,776: No eclipse registered for index 16382
2015-04-28 09:33:14,167: No eclipse registered for index 16526
2015-04-28 09:33:18,498: No eclipse registered for index 16623
2015-04-28 09:33:38,764: No eclipse registered for index 17076
2015-04-28 09:33:39,864: No eclipse registered for index 17101
2015-04-28 09:33:45,433: No eclipse registered for index 17228
2015-04-28 09:33:58,309: No eclipse registered for index 17519
2015-04-28 09:34:17,695: No eclipse registered for index 17958
2015-04-28 09:34:17,993: No eclipse registered for index 17965
2015-04-28 09:34:20,065: No eclipse registered for index 18012
2015-04-28 09:34:20,535: No eclipse registered for index 18023
2015-04-28 09:34:21,400: No eclipse registered for index 18043
2015-04-28 09:34:23,349: No eclipse registered for index 18088
2015-04-28 09:34:25,599: No eclipse registered for index 18139
2015-04-28 09:34:48,247: No eclipse registered for index 18649
2015-04-28 09:34:48,509: No eclipse registered for index 18655
2015-04-28 09:34:50,356: No eclipse registered for index 18698
2015-04-28 09:34:57,800: No eclipse registered for index 18865
2015-04-28 09:35:22,344: No eclipse registered for index 19418
2015-04-28 09:35:37,593: No eclipse registered for index 19762
2015-04-28 09:35:42,332: No eclipse registered for index 19868
2015-04-28 09:35:44,366: No eclipse registered for index 19915
2015-04-28 09:35:48,076: Done.
2015-04-28 09:36:35,180: Making StarModel triangle plots...
2015-04-28 09:37:06,854: Making StarModel triangle plots...
2015-04-28 09:37:40,003: Making StarModel triangle plots...
2015-04-28 09:38:17,535: FPP calculation successful. Results/plots written to /tigress/tmorton/kepler/fpp/K00087.01.
2015-04-28 11:32:54,618: Single StarModel loaded from /tigress/tmorton/kepler/fpp/K00087.01/dartmouth_starmodel_single.h5
2015-04-28 11:32:54,801: BinaryStarModel loaded from /tigress/tmorton/kepler/fpp/K00087.01/dartmouth_starmodel_binary.h5
2015-04-28 11:32:55,002: TripleStarModel loaded from /tigress/tmorton/kepler/fpp/K00087.01/dartmouth_starmodel_triple.h5
2015-04-28 11:32:55,031: Loading transit signal from /tigress/tmorton/kepler/fpp/K00087.01/trsig.pkl...
2015-04-28 11:32:55,655: /tigress/tmorton/kepler/fpp/K00087.01/popset.h5 exists, but regenerating Population Set...
Traceback (most recent call last):
  File "/home/tmorton/anaconda/lib/python2.7/site-packages/VESPA-0.2.4-py2.7-linux-x86_64.egg/vespa/fpp.py", line 281, in from_ini
    raise RuntimeError #just to get to except block
RuntimeError
2015-04-28 11:33:38,692: 19292 eclipsing HEB systems generated (target 20000)
2015-04-28 11:33:38,787: 20137 eclipsing HEB systems generated (target 20000)
2015-04-28 11:33:39,667: Fitting trapezoid models for HEBs...
2015-04-28 11:49:49,990: Done.
2015-04-28 11:49:55,782: 34 binaries are "too close"; gave up trying to fix.
2015-04-28 11:49:56,190: 12572 Eclipsing EB systems generated (target 20000)
2015-04-28 11:49:56,263: 18 binaries are "too close"; gave up trying to fix.
2015-04-28 11:49:56,564: 21504 Eclipsing EB systems generated (target 20000)
2015-04-28 11:49:57,130: Fitting trapezoid models for EBs...
2015-04-28 12:05:06,076: No eclipse registered for index 17414
2015-04-28 12:07:21,745: Done.
2015-04-28 12:07:23,431: Loading TRILEGAL simulation from /tigress/tmorton/kepler/fpp/starfields/kepler_starfield_8.0.h5
2015-04-28 12:07:47,793: 181 binaries are "too close"; gave up trying to fix.
2015-04-28 12:07:47,897: 312 BEB systems generated (target 20000)
2015-04-28 12:07:54,791: 5368 binaries are "too close"; gave up trying to fix.
2015-04-28 12:07:55,737: 8000 BEB systems generated (target 20000)
2015-04-28 12:08:00,942: 5346 binaries are "too close"; gave up trying to fix.
2015-04-28 12:08:02,055: 15748 BEB systems generated (target 20000)
2015-04-28 12:08:05,443: 3553 binaries are "too close"; gave up trying to fix.
2015-04-28 12:08:06,161: 20839 BEB systems generated (target 20000)
2015-04-28 12:08:06,268: Fitting trapezoid models for BEBs...
2015-04-28 12:11:58,669: No eclipse registered for index 3034
2015-04-28 12:21:29,968: No eclipse registered for index 10462
2015-04-28 12:33:42,677: Done.
2015-04-28 12:33:46,326: 16051 Transiting planet systems generated (target 20000)
2015-04-28 12:33:47,247: 20152 Transiting planet systems generated (target 20000)
2015-04-28 12:33:47,346: Fitting trapezoid models for Planets...
2015-04-28 12:33:50,125: No eclipse registered for index 60
2015-04-28 12:34:16,323: No eclipse registered for index 644
2015-04-28 12:34:18,166: No eclipse registered for index 686
2015-04-28 12:34:18,821: No eclipse registered for index 701
2015-04-28 12:34:33,115: No eclipse registered for index 1024
2015-04-28 12:34:47,365: No eclipse registered for index 1343
2015-04-28 12:35:07,373: No eclipse registered for index 1792
2015-04-28 12:35:11,287: No eclipse registered for index 1881
2015-04-28 12:35:18,126: No eclipse registered for index 2035
2015-04-28 12:35:22,824: No eclipse registered for index 2142
2015-04-28 12:35:25,297: No eclipse registered for index 2198
2015-04-28 12:35:50,294: No eclipse registered for index 2760
2015-04-28 12:36:03,462: No eclipse registered for index 3050
2015-04-28 12:36:13,255: No eclipse registered for index 3270
2015-04-28 12:36:15,336: No eclipse registered for index 3317
2015-04-28 12:36:41,536: No eclipse registered for index 3906
2015-04-28 12:36:42,467: No eclipse registered for index 3927
2015-04-28 12:36:42,841: No eclipse registered for index 3936
2015-04-28 12:37:01,244: No eclipse registered for index 4352
2015-04-28 12:37:01,418: No eclipse registered for index 4356
2015-04-28 12:37:08,141: No eclipse registered for index 4508
2015-04-28 12:37:16,740: No eclipse registered for index 4700
2015-04-28 12:37:21,439: No eclipse registered for index 4806
2015-04-28 12:37:32,274: No eclipse registered for index 5050
2015-04-28 12:37:37,609: No eclipse registered for index 5170
2015-04-28 12:37:38,347: No eclipse registered for index 5187
2015-04-28 12:37:39,712: No eclipse registered for index 5218
2015-04-28 12:37:50,183: No eclipse registered for index 5450
2015-04-28 12:37:56,753: No eclipse registered for index 5598
2015-04-28 12:38:03,702: No eclipse registered for index 5757
2015-04-28 12:38:17,575: No eclipse registered for index 6067
2015-04-28 12:38:32,403: No eclipse registered for index 6402
2015-04-28 12:38:41,469: No eclipse registered for index 6606
2015-04-28 12:38:43,838: No eclipse registered for index 6659
2015-04-28 12:39:21,620: No eclipse registered for index 7509
2015-04-28 12:39:23,825: No eclipse registered for index 7558
2015-04-28 12:39:35,661: No eclipse registered for index 7825
2015-04-28 12:39:42,417: No eclipse registered for index 7978
2015-04-28 12:39:50,629: No eclipse registered for index 8165
2015-04-28 12:39:53,741: No eclipse registered for index 8235
2015-04-28 12:39:53,902: No eclipse registered for index 8239
2015-04-28 12:40:01,207: No eclipse registered for index 8404
2015-04-28 12:40:07,650: No eclipse registered for index 8551
2015-04-28 12:40:15,966: No eclipse registered for index 8738
2015-04-28 12:40:54,484: No eclipse registered for index 9599
2015-04-28 12:41:11,360: No eclipse registered for index 9982
2015-04-28 12:41:17,090: No eclipse registered for index 10111
2015-04-28 12:41:21,916: No eclipse registered for index 10218
2015-04-28 12:41:37,139: No eclipse registered for index 10562
2015-04-28 12:41:38,961: No eclipse registered for index 10602
2015-04-28 12:41:52,132: No eclipse registered for index 10896
2015-04-28 12:41:53,301: No eclipse registered for index 10922
2015-04-28 12:42:11,413: No eclipse registered for index 11326
2015-04-28 12:42:15,326: No eclipse registered for index 11414
2015-04-28 12:42:25,359: No eclipse registered for index 11639
2015-04-28 12:42:32,367: No eclipse registered for index 11796
2015-04-28 12:42:58,358: No eclipse registered for index 12380
2015-04-28 12:43:05,995: No eclipse registered for index 12553
2015-04-28 12:43:12,521: No eclipse registered for index 12701
2015-04-28 12:43:20,923: No eclipse registered for index 12893
2015-04-28 12:43:46,791: No eclipse registered for index 13476
2015-04-28 12:44:07,173: No eclipse registered for index 13933
2015-04-28 12:44:07,830: No eclipse registered for index 13948
2015-04-28 12:44:35,837: No eclipse registered for index 14577
2015-04-28 12:44:39,823: No eclipse registered for index 14668
2015-04-28 12:44:50,862: No eclipse registered for index 14915
2015-04-28 12:44:52,399: No eclipse registered for index 14949
2015-04-28 12:45:03,206: No eclipse registered for index 15191
2015-04-28 12:45:07,701: No eclipse registered for index 15293
2015-04-28 12:45:22,382: No eclipse registered for index 15623
2015-04-28 12:45:33,510: No eclipse registered for index 15875
2015-04-28 12:45:48,668: No eclipse registered for index 16215
2015-04-28 12:45:50,469: No eclipse registered for index 16256
2015-04-28 12:46:10,819: No eclipse registered for index 16715
2015-04-28 12:46:20,090: No eclipse registered for index 16925
2015-04-28 12:46:21,462: No eclipse registered for index 16957
2015-04-28 12:46:48,258: No eclipse registered for index 17558
2015-04-28 12:47:04,224: No eclipse registered for index 17913
2015-04-28 12:47:05,876: No eclipse registered for index 17950
2015-04-28 12:47:22,556: No eclipse registered for index 18324
2015-04-28 12:47:31,567: No eclipse registered for index 18528
2015-04-28 12:47:38,005: No eclipse registered for index 18674
2015-04-28 12:47:39,089: No eclipse registered for index 18698
2015-04-28 12:47:48,934: No eclipse registered for index 18919
2015-04-28 12:47:51,260: No eclipse registered for index 18972
2015-04-28 12:47:58,260: No eclipse registered for index 19128
2015-04-28 12:48:05,161: No eclipse registered for index 19284
2015-04-28 12:48:08,466: No eclipse registered for index 19360
2015-04-28 12:48:24,383: No eclipse registered for index 19720
2015-04-28 12:48:24,512: No eclipse registered for index 19723
2015-04-28 12:48:26,800: No eclipse registered for index 19775
2015-04-28 12:48:32,854: No eclipse registered for index 19910
2015-04-28 12:48:34,244: No eclipse registered for index 19942
2015-04-28 12:48:36,763: Done.
2015-04-28 12:49:22,557: FPP calculation successful. Results/plots written to /tigress/tmorton/kepler/fpp/K00087.01.
2015-05-04 13:49:20,581: single starfit successful for /tigress/tmorton/kepler/fpp/K00087.01 in 2.2 minutes.
2015-05-04 13:52:14,010: binary starfit successful for /tigress/tmorton/kepler/fpp/K00087.01 in 2.9 minutes.
2015-05-04 13:54:13,961: triple starfit successful for /tigress/tmorton/kepler/fpp/K00087.01 in 2.0 minutes.
2015-05-19 13:35:51,332: single starfit successful for K00087.01 in 3.0 minutes.
2015-05-19 13:41:39,830: binary starfit successful for K00087.01 in 5.8 minutes.
2015-05-19 13:47:13,780: triple starfit successful for K00087.01 in 5.6 minutes.
2015-05-19 22:15:30,297: Single StarModel loaded from /tigress/tmorton/kepler/fpp/K00087.01/dartmouth_starmodel_single.h5
2015-05-19 22:15:30,355: BinaryStarModel loaded from /tigress/tmorton/kepler/fpp/K00087.01/dartmouth_starmodel_binary.h5
2015-05-19 22:15:30,404: TripleStarModel loaded from /tigress/tmorton/kepler/fpp/K00087.01/dartmouth_starmodel_triple.h5
2015-05-19 22:15:30,421: Loading transit signal from /tigress/tmorton/kepler/fpp/K00087.01/trsig.pkl...
2015-05-19 22:15:31,034: /tigress/tmorton/kepler/fpp/K00087.01/popset.h5 exists, but regenerating Population Set...
Traceback (most recent call last):
  File "/home/tmorton/anaconda/lib/python2.7/site-packages/VESPA-0.2.4-py2.7-linux-x86_64.egg/vespa/fpp.py", line 281, in from_ini
    raise RuntimeError #just to get to except block
RuntimeError
2015-05-19 22:16:12,588: 14208 eclipsing HEB systems generated (target 20000)
2015-05-19 22:16:12,918: 21224 eclipsing HEB systems generated (target 20000)
2015-05-19 22:16:13,745: Fitting trapezoid models for HEBs...
2015-05-19 22:22:43,144: No eclipse registered for index 4580
2015-05-19 22:33:11,671: No eclipse registered for index 11945
2015-05-19 22:44:32,580: Done.
2015-05-19 22:44:41,162: 19059 Eclipsing EB systems generated (target 20000)
2015-05-19 22:44:41,263: 20199 Eclipsing EB systems generated (target 20000)
2015-05-19 22:44:41,774: Fitting trapezoid models for EBs...
2015-05-19 23:00:11,789: Done.
2015-05-19 23:00:13,372: Loading TRILEGAL simulation from /tigress/tmorton/kepler/fpp/starfields/kepler_starfield_8.0.h5
2015-05-19 23:00:37,942: 235 binaries are "too close"; gave up trying to fix.
2015-05-19 23:00:38,010: 315 BEB systems generated (target 20000)
2015-05-19 23:00:43,893: 5411 binaries are "too close"; gave up trying to fix.
2015-05-19 23:00:45,030: 7923 BEB systems generated (target 20000)
2015-05-19 23:00:52,173: 5369 binaries are "too close"; gave up trying to fix.
2015-05-19 23:00:53,382: 15634 BEB systems generated (target 20000)
2015-05-19 23:00:57,131: 3784 binaries are "too close"; gave up trying to fix.
2015-05-19 23:00:57,889: 20940 BEB systems generated (target 20000)
2015-05-19 23:00:57,994: Fitting trapezoid models for BEBs...
2015-05-19 23:02:22,195: No eclipse registered for index 1084
2015-05-19 23:17:27,984: No eclipse registered for index 13049
2015-05-19 23:20:05,979: No eclipse registered for index 15145
2015-05-19 23:20:37,335: No eclipse registered for index 15563
2015-05-19 23:26:11,164: Done.
2015-05-19 23:26:13,824: 18107 Transiting planet systems generated (target 20000)
2015-05-19 23:26:14,146: 20239 Transiting planet systems generated (target 20000)
2015-05-19 23:26:14,240: Fitting trapezoid models for Planets...
2015-05-19 23:26:20,519: No eclipse registered for index 143
2015-05-19 23:26:37,435: No eclipse registered for index 536
2015-05-19 23:26:48,236: No eclipse registered for index 784
2015-05-19 23:26:55,175: No eclipse registered for index 944
2015-05-19 23:27:09,681: No eclipse registered for index 1276
2015-05-19 23:27:27,963: No eclipse registered for index 1697
2015-05-19 23:27:29,911: No eclipse registered for index 1742
2015-05-19 23:27:37,643: No eclipse registered for index 1920
2015-05-19 23:27:49,895: No eclipse registered for index 2200
2015-05-19 23:27:52,700: No eclipse registered for index 2264
2015-05-19 23:27:52,895: No eclipse registered for index 2269
2015-05-19 23:27:58,604: No eclipse registered for index 2401
2015-05-19 23:28:14,903: No eclipse registered for index 2774
2015-05-19 23:28:15,097: No eclipse registered for index 2779
2015-05-19 23:28:35,434: No eclipse registered for index 3245
2015-05-19 23:28:45,064: No eclipse registered for index 3466
2015-05-19 23:28:53,253: No eclipse registered for index 3654
2015-05-19 23:29:04,353: No eclipse registered for index 3908
2015-05-19 23:29:05,501: No eclipse registered for index 3935
2015-05-19 23:29:07,774: No eclipse registered for index 3988
2015-05-19 23:29:13,917: No eclipse registered for index 4130
2015-05-19 23:29:21,397: No eclipse registered for index 4301
2015-05-19 23:29:23,293: No eclipse registered for index 4344
2015-05-19 23:29:30,998: No eclipse registered for index 4521
2015-05-19 23:29:35,878: No eclipse registered for index 4634
2015-05-19 23:29:48,137: No eclipse registered for index 4916
2015-05-19 23:29:50,788: No eclipse registered for index 4976
2015-05-19 23:29:56,152: No eclipse registered for index 5098
2015-05-19 23:30:04,375: No eclipse registered for index 5287
2015-05-19 23:30:15,173: No eclipse registered for index 5534
2015-05-19 23:30:23,582: No eclipse registered for index 5726
2015-05-19 23:30:50,055: No eclipse registered for index 6334
2015-05-19 23:31:07,116: No eclipse registered for index 6726
2015-05-19 23:31:15,446: No eclipse registered for index 6918
2015-05-19 23:31:34,656: No eclipse registered for index 7359
2015-05-19 23:31:39,609: No eclipse registered for index 7473
2015-05-19 23:31:43,024: No eclipse registered for index 7553
2015-05-19 23:31:52,362: No eclipse registered for index 7768
2015-05-19 23:31:57,093: No eclipse registered for index 7878
2015-05-19 23:32:05,692: No eclipse registered for index 8076
2015-05-19 23:32:11,061: No eclipse registered for index 8198
2015-05-19 23:32:21,988: No eclipse registered for index 8449
2015-05-19 23:32:22,580: No eclipse registered for index 8463
2015-05-19 23:32:26,255: No eclipse registered for index 8547
2015-05-19 23:32:30,050: No eclipse registered for index 8634
2015-05-19 23:32:34,666: No eclipse registered for index 8740
2015-05-19 23:33:00,561: No eclipse registered for index 9335
2015-05-19 23:33:06,515: No eclipse registered for index 9474
2015-05-19 23:33:07,561: No eclipse registered for index 9499
2015-05-19 23:33:09,738: No eclipse registered for index 9550
2015-05-19 23:33:25,033: No eclipse registered for index 9902
2015-05-19 23:33:29,313: No eclipse registered for index 10003
2015-05-19 23:33:31,399: No eclipse registered for index 10052
2015-05-19 23:33:38,583: No eclipse registered for index 10218
2015-05-19 23:34:17,165: No eclipse registered for index 11110
2015-05-19 23:35:06,059: No eclipse registered for index 12235
2015-05-19 23:35:37,759: No eclipse registered for index 12962
2015-05-19 23:35:44,151: No eclipse registered for index 13109
2015-05-19 23:35:50,264: No eclipse registered for index 13249
2015-05-19 23:35:53,804: No eclipse registered for index 13331
2015-05-19 23:35:56,131: No eclipse registered for index 13385
2015-05-19 23:36:06,687: No eclipse registered for index 13627
2015-05-19 23:36:12,328: No eclipse registered for index 13758
2015-05-19 23:36:36,688: No eclipse registered for index 14318
2015-05-19 23:36:40,083: No eclipse registered for index 14395
2015-05-19 23:36:40,541: No eclipse registered for index 14406
2015-05-19 23:36:45,604: No eclipse registered for index 14524
2015-05-19 23:37:07,944: No eclipse registered for index 15039
2015-05-19 23:37:10,984: No eclipse registered for index 15110
2015-05-19 23:37:13,850: No eclipse registered for index 15176
2015-05-19 23:37:16,292: No eclipse registered for index 15232
2015-05-19 23:37:17,136: No eclipse registered for index 15252
2015-05-19 23:37:24,665: No eclipse registered for index 15426
2015-05-19 23:37:53,253: No eclipse registered for index 16085
2015-05-19 23:37:56,761: No eclipse registered for index 16165
2015-05-19 23:37:59,884: No eclipse registered for index 16236
2015-05-19 23:38:03,435: No eclipse registered for index 16317
2015-05-19 23:38:14,303: No eclipse registered for index 16569
2015-05-19 23:38:35,394: No eclipse registered for index 17054
2015-05-19 23:38:52,991: No eclipse registered for index 17461
2015-05-19 23:39:01,841: No eclipse registered for index 17665
2015-05-19 23:39:03,715: No eclipse registered for index 17709
2015-05-19 23:39:03,899: No eclipse registered for index 17714
2015-05-19 23:39:06,922: No eclipse registered for index 17785
2015-05-19 23:39:20,216: No eclipse registered for index 18090
2015-05-19 23:39:21,047: No eclipse registered for index 18110
2015-05-19 23:39:40,015: No eclipse registered for index 18546
2015-05-19 23:39:47,888: No eclipse registered for index 18727
2015-05-19 23:40:03,336: No eclipse registered for index 19083
2015-05-19 23:40:43,049: Done.
2015-05-19 23:41:26,495: FPP calculation successful. Results/plots written to /tigress/tmorton/kepler/fpp/K00087.01.
2015-06-22 16:29:03,387: single starfit successful for K00087.01 in 0.6 minutes.
2015-06-22 16:29:40,219: binary starfit successful for K00087.01 in 0.6 minutes.
2015-06-22 16:30:21,185: triple starfit successful for K00087.01 in 0.7 minutes.
